SF:lib/src/models/user_entity.dart
DA:8,2
DA:17,4
LF:2
LH:2
end_of_record
SF:lib/src/service_locator/get_it.dart
DA:6,3
DA:8,0
DA:13,0
LF:3
LH:1
end_of_record
SF:lib/src/components/widgets/cached_network_image_widget.dart
DA:6,3
DA:8,1
DA:10,1
DA:12,1
DA:13,1
DA:14,1
DA:24,0
LF:7
LH:6
end_of_record
SF:lib/src/components/widgets/page_widget.dart
DA:7,2
DA:9,1
DA:11,1
DA:12,1
DA:13,1
DA:14,1
LF:6
LH:6
end_of_record
SF:lib/src/components/widgets/user_item_widget.dart
DA:12,1
DA:14,1
DA:16,1
DA:17,0
DA:18,0
DA:20,0
DA:22,1
DA:24,1
DA:26,1
DA:27,1
DA:28,3
DA:29,1
DA:30,2
DA:36,1
DA:37,2
LF:15
LH:12
end_of_record
SF:lib/src/components/widgets/user_name_widget.dart
DA:7,3
DA:9,1
DA:11,1
DA:12,1
DA:13,1
LF:5
LH:5
end_of_record
SF:lib/pages/home_page.dart
DA:11,1
DA:13,0
DA:15,0
DA:16,0
DA:17,0
DA:18,0
DA:19,0
DA:21,0
DA:24,0
DA:25,0
DA:26,0
DA:31,0
DA:32,0
DA:33,0
DA:34,0
DA:36,0
LF:16
LH:1
end_of_record
SF:lib/res/app_text_style.dart
DA:7,3
DA:12,0
LF:2
LH:1
end_of_record
SF:lib/pages/user_info_page.dart
DA:14,0
DA:16,0
DA:18,0
DA:19,0
DA:20,0
DA:21,0
DA:22,0
DA:24,0
DA:25,0
DA:26,0
DA:28,0
DA:29,0
DA:30,0
DA:31,0
DA:32,0
DA:33,0
DA:39,0
DA:40,0
DA:45,0
DA:46,0
DA:47,0
DA:48,0
LF:22
LH:0
end_of_record
SF:lib/src/blocs/home/home_cubit.dart
DA:10,2
DA:12,1
DA:13,3
DA:15,2
LF:4
LH:4
end_of_record
SF:lib/src/blocs/user_info/user_info_cubit.dart
DA:6,2
DA:8,1
DA:10,2
DA:12,1
DA:13,1
LF:5
LH:5
end_of_record
SF:lib/src/router/router.gr.dart
DA:20,0
DA:21,0
DA:25,0
DA:26,0
DA:29,0
DA:30,0
DA:31,0
DA:33,0
DA:37,0
DA:38,0
DA:39,0
DA:40,0
DA:47,0
DA:55,0
DA:56,0
DA:57,0
DA:63,0
DA:69,0
DA:71,0
LF:19
LH:0
end_of_record
SF:lib/src/repository/user_repository_impl.dart
DA:11,0
DA:13,0
DA:14,0
LF:3
LH:0
end_of_record
SF:lib/src/service_locator/get_it.config.dart
DA:18,0
DA:20,0
DA:21,0
DA:22,0
DA:23,0
LF:5
LH:0
end_of_record
SF:lib/src/services/user/mock_user_service.dart
DA:8,0
DA:10,0
DA:11,0
DA:13,0
DA:16,0
LF:5
LH:0
end_of_record
